*******************************
*** Security report for: ulc-168.ulcert.uw.edu 
*** Report Date: Sun Jun  7 17:03:03 PDT 2020 
/home/pcoop
/opt/open


**** End security report ******
*******************************
*******************************
*** Security report for: ulc-168.ulcert.uw.edu 
*** Report Date: Sun Jun  7 17:05:32 PDT 2020 
/home/pcoop
/opt/open


**** End security report ******
*******************************
*******************************
*** Security report for: ulc-168.ulcert.uw.edu 
*** Report Date: Sun Jun  7 17:06:39 PDT 2020 
/home/pcoop
/opt/open


**** End security report ******
*******************************
*******************************
*** Security report for: ulc-168.ulcert.uw.edu 
*** Report Date: Sun Jun  7 17:14:08 PDT 2020 
/home/pcoop
/opt/open


**** End security report ******
*******************************
*******************************
*** Security report for: ulc-168.ulcert.uw.edu 
*** Report Date: Sun Jun  7 17:14:30 PDT 2020 
/home/pcoop
/opt/open


**** End security report ******
*******************************
*******************************
*** Security report for: ulc-168.ulcert.uw.edu 
*** Report Date: Sun Jun  7 17:19:51 PDT 2020 
/home/pcoop
/opt/open


**** End security report ******
*******************************
*******************************
*** Security report for: ulc-168.ulcert.uw.edu 
*** Report Date: Sun Jun  7 17:20:20 PDT 2020 
/home/pcoop
/opt/open


**** End security report ******
*******************************
*******************************
*** Security report for: ulc-168.ulcert.uw.edu 
*** Report Date: Sun Jun  7 17:21:14 PDT 2020 
/home/pcoop
/opt/open


**** End security report ******
*******************************
*******************************
*** Security report for: ulc-168.ulcert.uw.edu 
*** Report Date: Sun Jun  7 17:22:27 PDT 2020 
/home/pcoop
/opt/open


**** End security report ******
*******************************
*******************************
*** Security report for: ulc-168.ulcert.uw.edu 
*** Report Date: Sun Jun  7 17:28:09 PDT 2020 
/home/pcoop
/opt/open


**** End security report ******
*******************************
*******************************
*** Security report for: ulc-168.ulcert.uw.edu 
*** Report Date: Sun Jun  7 17:29:44 PDT 2020 
/home/pcoop
/opt/open


**** End security report ******
*******************************
*******************************
*** Security report for: ulc-168.ulcert.uw.edu 
*** Report Date: Sun Jun  7 17:31:22 PDT 2020 
/home/pcoop
/opt/open


**** End security report ******
*******************************
